{"header":{"tr_id":"H0STCNT0","tr_key":"005930","encrypt":"N"},"body":{"rt_cd":"0","msg_cd":"OPSP0000","msg1":"SUBSCRIBE SUCCESS","output":{"iv":"c39d7b0c1a44e016","key":"ovzjbuifrgemndtcwrmounoggqogvzpj"}}}
{"header":{"tr_id":"H0STASP0","tr_key":"005930","encrypt":"N"},"body":{"rt_cd":"0","msg_cd":"OPSP0000","msg1":"SUBSCRIBE SUCCESS","output":{"iv":"c39d7b0c1a44e016","key":"ovzjbuifrgemndtcwrmounoggqogvzpj"}}}
{"header":{"tr_id":"H0STCNT0","tr_key":"000660","encrypt":"N"},"body":{"rt_cd":"0","msg_cd":"OPSP0000","msg1":"SUBSCRIBE SUCCESS","output":{"iv":"c39d7b0c1a44e016","key":"ovzjbuifrgemndtcwrmounoggqogvzpj"}}}
{"header":{"tr_id":"H0STASP0","tr_key":"000660","encrypt":"N"},"body":{"rt_cd":"0","msg_cd":"OPSP0000","msg1":"SUBSCRIBE SUCCESS","output":{"iv":"c39d7b0c1a44e016","key":"ovzjbuifrgemndtcwrmounoggqogvzpj"}}}
{"header":{"tr_id":"H0STCNT0","tr_key":"006800","encrypt":"N"},"body":{"rt_cd":"0","msg_cd":"OPSP0000","msg1":"SUBSCRIBE SUCCESS","output":{"iv":"c39d7b0c1a44e016","key":"ovzjbuifrgemndtcwrmounoggqogvzpj"}}}
{"header":{"tr_id":"H0STASP0","tr_key":"006800","encrypt":"N"},"body":{"rt_cd":"0","msg_cd":"OPSP0000","msg1":"SUBSCRIBE SUCCESS","output":{"iv":"c39d7b0c1a44e016","key":"ovzjbuifrgemndtcwrmounoggqogvzpj"}}}
{"header":{"tr_id":"H0STCNT0","tr_key":"00680K","encrypt":"N"},"body":{"rt_cd":"0","msg_cd":"OPSP0000","msg1":"SUBSCRIBE SUCCESS","output":{"iv":"c39d7b0c1a44e016","key":"ovzjbuifrgemndtcwrmounoggqogvzpj"}}}
{"header":{"tr_id":"H0STASP0","tr_key":"00680K","encrypt":"N"},"body":{"rt_cd":"0","msg_cd":"OPSP0000","msg1":"SUBSCRIBE SUCCESS","output":{"iv":"c39d7b0c1a44e016","key":"ovzjbuifrgemndtcwrmounoggqogvzpj"}}}
{"header":{"tr_id":"H0STCNT0","tr_key":"006805","encrypt":"N"},"body":{"rt_cd":"0","msg_cd":"OPSP0000","msg1":"SUBSCRIBE SUCCESS","output":{"iv":"c39d7b0c1a44e016","key":"ovzjbuifrgemndtcwrmounoggqogvzpj"}}}
{"header":{"tr_id":"H0STASP0","tr_key":"006805","encrypt":"N"},"body":{"rt_cd":"0","msg_cd":"OPSP0000","msg1":"SUBSCRIBE SUCCESS","output":{"iv":"c39d7b0c1a44e016","key":"ovzjbuifrgemndtcwrmounoggqogvzpj"}}}
{"header":{"tr_id":"H0STCNT0","tr_key":"034020","encrypt":"N"},"body":{"rt_cd":"0","msg_cd":"OPSP0000","msg1":"SUBSCRIBE SUCCESS","output":{"iv":"c39d7b0c1a44e016","key":"ovzjbuifrgemndtcwrmounoggqogvzpj"}}}
{"header":{"tr_id":"H0STASP0","tr_key":"034020","encrypt":"N"},"body":{"rt_cd":"0","msg_cd":"OPSP0000","msg1":"SUBSCRIBE SUCCESS","output":{"iv":"c39d7b0c1a44e016","key":"ovzjbuifrgemndtcwrmounoggqogvzpj"}}}
{"header":{"tr_id":"H0STCNT0","tr_key":"012450","encrypt":"N"},"body":{"rt_cd":"0","msg_cd":"OPSP0000","msg1":"SUBSCRIBE SUCCESS","output":{"iv":"c39d7b0c1a44e016","key":"ovzjbuifrgemndtcwrmounoggqogvzpj"}}}
{"header":{"tr_id":"H0STASP0","tr_key":"012450","encrypt":"N"},"body":{"rt_cd":"0","msg_cd":"OPSP0000","msg1":"SUBSCRIBE SUCCESS","output":{"iv":"c39d7b0c1a44e016","key":"ovzjbuifrgemndtcwrmounoggqogvzpj"}}}
{"header":{"tr_id":"H0STCNT0","tr_key":"058650","encrypt":"N"},"body":{"rt_cd":"0","msg_cd":"OPSP0000","msg1":"SUBSCRIBE SUCCESS","output":{"iv":"c39d7b0c1a44e016","key":"ovzjbuifrgemndtcwrmounoggqogvzpj"}}}
{"header":{"tr_id":"H0STASP0","tr_key":"058650","encrypt":"N"},"body":{"rt_cd":"0","msg_cd":"OPSP0000","msg1":"SUBSCRIBE SUCCESS","output":{"iv":"c39d7b0c1a44e016","key":"ovzjbuifrgemndtcwrmounoggqogvzpj"}}}
{"header":{"tr_id":"H0STCNT0","tr_key":"196170","encrypt":"N"},"body":{"rt_cd":"0","msg_cd":"OPSP0000","msg1":"SUBSCRIBE SUCCESS","output":{"iv":"c39d7b0c1a44e016","key":"ovzjbuifrgemndtcwrmounoggqogvzpj"}}}
{"header":{"tr_id":"H0STASP0","tr_key":"196170","encrypt":"N"},"body":{"rt_cd":"0","msg_cd":"OPSP0000","msg1":"SUBSCRIBE SUCCESS","output":{"iv":"c39d7b0c1a44e016","key":"ovzjbuifrgemndtcwrmounoggqogvzpj"}}}
{"header":{"tr_id":"H0STCNT0","tr_key":"460860","encrypt":"N"},"body":{"rt_cd":"0","msg_cd":"OPSP0000","msg1":"SUBSCRIBE SUCCESS","output":{"iv":"c39d7b0c1a44e016","key":"ovzjbuifrgemndtcwrmounoggqogvzpj"}}}
{"header":{"tr_id":"H0STASP0","tr_key":"460860","encrypt":"N"},"body":{"rt_cd":"0","msg_cd":"OPSP0000","msg1":"SUBSCRIBE SUCCESS","output":{"iv":"c39d7b0c1a44e016","key":"ovzjbuifrgemndtcwrmounoggqogvzpj"}}}
{"header":{"tr_id":"H0STCNT0","tr_key":"028300","encrypt":"N"},"body":{"rt_cd":"0","msg_cd":"OPSP0000","msg1":"SUBSCRIBE SUCCESS","output":{"iv":"c39d7b0c1a44e016","key":"ovzjbuifrgemndtcwrmounoggqogvzpj"}}}
{"header":{"tr_id":"H0STASP0","tr_key":"028300","encrypt":"N"},"body":{"rt_cd":"0","msg_cd":"OPSP0000","msg1":"SUBSCRIBE SUCCESS","output":{"iv":"c39d7b0c1a44e016","key":"ovzjbuifrgemndtcwrmounoggqogvzpj"}}}
{"header":{"tr_id":"H0STCNT0","tr_key":"090710","encrypt":"N"},"body":{"rt_cd":"0","msg_cd":"OPSP0000","msg1":"SUBSCRIBE SUCCESS","output":{"iv":"c39d7b0c1a44e016","key":"ovzjbuifrgemndtcwrmounoggqogvzpj"}}}
{"header":{"tr_id":"H0STASP0","tr_key":"090710","encrypt":"N"},"body":{"rt_cd":"0","msg_cd":"OPSP0000","msg1":"SUBSCRIBE SUCCESS","output":{"iv":"c39d7b0c1a44e016","key":"ovzjbuifrgemndtcwrmounoggqogvzpj"}}}
{"header":{"tr_id":"H0STCNT0","tr_key":"000370","encrypt":"N"},"body":{"rt_cd":"0","msg_cd":"OPSP0000","msg1":"SUBSCRIBE SUCCESS","output":{"iv":"c39d7b0c1a44e016","key":"ovzjbuifrgemndtcwrmounoggqogvzpj"}}}
{"header":{"tr_id":"H0STASP0","tr_key":"000370","encrypt":"N"},"body":{"rt_cd":"0","msg_cd":"OPSP0000","msg1":"SUBSCRIBE SUCCESS","output":{"iv":"c39d7b0c1a44e016","key":"ovzjbuifrgemndtcwrmounoggqogvzpj"}}}
{"header":{"tr_id":"H0STCNT0","tr_key":"003380","encrypt":"N"},"body":{"rt_cd":"0","msg_cd":"OPSP0000","msg1":"SUBSCRIBE SUCCESS","output":{"iv":"c39d7b0c1a44e016","key":"ovzjbuifrgemndtcwrmounoggqogvzpj"}}}
{"header":{"tr_id":"H0STASP0","tr_key":"003380","encrypt":"N"},"body":{"rt_cd":"0","msg_cd":"OPSP0000","msg1":"SUBSCRIBE SUCCESS","output":{"iv":"c39d7b0c1a44e016","key":"ovzjbuifrgemndtcwrmounoggqogvzpj"}}}
{"header":{"tr_id":"H0STCNT0","tr_key":"009900","encrypt":"N"},"body":{"rt_cd":"0","msg_cd":"OPSP0000","msg1":"SUBSCRIBE SUCCESS","output":{"iv":"c39d7b0c1a44e016","key":"ovzjbuifrgemndtcwrmounoggqogvzpj"}}}
{"header":{"tr_id":"H0STASP0","tr_key":"009900","encrypt":"N"},"body":{"rt_cd":"0","msg_cd":"OPSP0000","msg1":"SUBSCRIBE SUCCESS","output":{"iv":"c39d7b0c1a44e016","key":"ovzjbuifrgemndtcwrmounoggqogvzpj"}}}
{"header":{"tr_id":"H0STCNT0","tr_key":"020560","encrypt":"N"},"body":{"rt_cd":"0","msg_cd":"OPSP0000","msg1":"SUBSCRIBE SUCCESS","output":{"iv":"c39d7b0c1a44e016","key":"ovzjbuifrgemndtcwrmounoggqogvzpj"}}}
{"header":{"tr_id":"H0STASP0","tr_key":"020560","encrypt":"N"},"body":{"rt_cd":"0","msg_cd":"OPSP0000","msg1":"SUBSCRIBE SUCCESS","output":{"iv":"c39d7b0c1a44e016","key":"ovzjbuifrgemndtcwrmounoggqogvzpj"}}}
{"header":{"tr_id":"H0STCNI0","tr_key":"sulove","encrypt":"N"},"body":{"rt_cd":"0","msg_cd":"OPSP0000","msg1":"SUBSCRIBE SUCCESS","output":{"iv":"c39d7b0c1a44e016","key":"ovzjbuifrgemndtcwrmounoggqogvzpj"}}}
{"header":{"tr_id":"PINGPONG","datetime":"20260313001810"}}
{"header":{"tr_id":"PINGPONG","datetime":"20260313001820"}}
{"header":{"tr_id":"PINGPONG","datetime":"20260313001830"}}
{"header":{"tr_id":"PINGPONG","datetime":"20260313001840"}}
{"header":{"tr_id":"PINGPONG","datetime":"20260313001850"}}
{"header":{"tr_id":"PINGPONG","datetime":"20260313001908"}}
{"header":{"tr_id":"PINGPONG","datetime":"20260313001918"}}
{"header":{"tr_id":"PINGPONG","datetime":"20260313001928"}}
{"header":{"tr_id":"PINGPONG","datetime":"20260313001938"}}
{"header":{"tr_id":"PINGPONG","datetime":"20260313001948"}}
{"header":{"tr_id":"PINGPONG","datetime":"20260313002008"}}
{"header":{"tr_id":"PINGPONG","datetime":"20260313002018"}}
{"header":{"tr_id":"PINGPONG","datetime":"20260313002029"}}
{"header":{"tr_id":"PINGPONG","datetime":"20260313002039"}}
{"header":{"tr_id":"PINGPONG","datetime":"20260313002049"}}
{"header":{"tr_id":"PINGPONG","datetime":"20260313002108"}}
{"header":{"tr_id":"PINGPONG","datetime":"20260313002118"}}
{"header":{"tr_id":"PINGPONG","datetime":"20260313002128"}}
{"header":{"tr_id":"PINGPONG","datetime":"20260313002138"}}
{"header":{"tr_id":"PINGPONG","datetime":"20260313002148"}}
{"header":{"tr_id":"PINGPONG","datetime":"20260313002208"}}
{"header":{"tr_id":"PINGPONG","datetime":"20260313002218"}}
{"header":{"tr_id":"PINGPONG","datetime":"20260313002228"}}
{"header":{"tr_id":"PINGPONG","datetime":"20260313002238"}}
{"header":{"tr_id":"PINGPONG","datetime":"20260313002249"}}
{"header":{"tr_id":"PINGPONG","datetime":"20260313002308"}}
{"header":{"tr_id":"PINGPONG","datetime":"20260313002318"}}
{"header":{"tr_id":"PINGPONG","datetime":"20260313002328"}}
{"header":{"tr_id":"PINGPONG","datetime":"20260313002338"}}
{"header":{"tr_id":"PINGPONG","datetime":"20260313002349"}}
{"header":{"tr_id":"PINGPONG","datetime":"20260313002408"}}
{"header":{"tr_id":"PINGPONG","datetime":"20260313002418"}}
{"header":{"tr_id":"PINGPONG","datetime":"20260313002428"}}
{"header":{"tr_id":"PINGPONG","datetime":"20260313002439"}}
{"header":{"tr_id":"PINGPONG","datetime":"20260313002449"}}
{"header":{"tr_id":"PINGPONG","datetime":"20260313002508"}}
{"header":{"tr_id":"PINGPONG","datetime":"20260313002518"}}
{"header":{"tr_id":"PINGPONG","datetime":"20260313002528"}}
